==============================================================================
TestCases                                                                     
==============================================================================
TestCases.ExcelDataRead                                                       
==============================================================================
LoginTestWithExcel using sedrick_brekke29@yahoo.com and vsd4q         | PASS |
------------------------------------------------------------------------------
LoginTestWithExcel using alba98@hotmail.com and b38au                 | PASS |
------------------------------------------------------------------------------
LoginTestWithExcel using perry14@hotmail.com and hpale                | PASS |
------------------------------------------------------------------------------
LoginTestWithExcel using eldred7@gmail.com and 0kjp6                  | PASS |
------------------------------------------------------------------------------
LoginTestWithExcel using harmon.conn@yahoo.com and wh9is              | PASS |
------------------------------------------------------------------------------
LoginTestWithExcel using coralie.welch@hotmail.com and cu2h6          | PASS |
------------------------------------------------------------------------------
LoginTestWithExcel using durward89@hotmail.com and j1hdn              | PASS |
------------------------------------------------------------------------------
LoginTestWithExcel using john_kling@yahoo.com and qkn2k               | PASS |
------------------------------------------------------------------------------
LoginTestWithExcel using drake_bode@yahoo.com and zsa1a               | PASS |
------------------------------------------------------------------------------
LoginTestWithExcel using monserrat.vonrueden16@gmail.com and xb1cd    | PASS |
------------------------------------------------------------------------------
LoginTestWithExcel using breanne.muller@hotmail.com and 1aygf         | PASS |
------------------------------------------------------------------------------
LoginTestWithExcel using charles_bashirian39@yahoo.com and 5pqmy      | PASS |
------------------------------------------------------------------------------
LoginTestWithExcel using rosalee82@gmail.com and so06y                | PASS |
------------------------------------------------------------------------------
LoginTestWithExcel using rosie.rau@yahoo.com and 0rkyl                | PASS |
------------------------------------------------------------------------------
LoginTestWithExcel using lenora_goyette25@yahoo.com and xywyd         | PASS |
------------------------------------------------------------------------------
TestCases.ExcelDataRead                                               | PASS |
15 tests, 15 passed, 0 failed
==============================================================================
TestCases                                                             | PASS |
15 tests, 15 passed, 0 failed
==============================================================================
Output:  C:\Users\goyal\PycharmProjects\pythonProject2\ResultsFolder2\pabot_results\0\output.xml
