==============================================================================
TestCases                                                                     
==============================================================================
TestCases.Part21 SetupTearDown                                                
==============================================================================
TC1 Prepaid recharge                                                  This is my prepaid recharge testcase
| PASS |
------------------------------------------------------------------------------
TC2 Postpaid recharge                                                 This is my postpaid recharge testcase
| PASS |
------------------------------------------------------------------------------
TC3 Login                                                             This is login test
| PASS |
------------------------------------------------------------------------------
TC4 Regression                                                        This is my regression test
| PASS |
------------------------------------------------------------------------------
TestCases.Part21 SetupTearDown                                        | PASS |
4 tests, 4 passed, 0 failed
==============================================================================
TestCases                                                             | PASS |
4 tests, 4 passed, 0 failed
==============================================================================
Output:  C:\Users\goyal\PycharmProjects\pythonProject2\pabot_results\7\output.xml
